[2026-06-04T10:11:52.240Z] [Printify Sync] No Printify product was created, skipping database save.
[2026-06-04T10:17:07.112Z] [Printify Sync] No Printify product was created, skipping database save.
[2026-06-04T10:26:05.220Z] [Printify Sync] Saving product to DB: {"name":"Custom Unisex Heavy Cotton Tee","printifyProductId":"bp-6","variantCount":20}
[2026-06-04T10:26:05.876Z] [Printify Sync] ❌ Failed to save product to database. Status: 401, Error: {"error":"Token expired"}
[2026-06-04T10:41:56.109Z] [Printify Sync] Building fallback product from canvas data...
[2026-06-04T10:41:56.111Z] [Printify Sync] Posting fallback product to backend /api/printful/mockups/store-permanently...
[2026-06-04T10:41:56.933Z] [Printify Sync] Fallback save failed. Status: 400, Error: {"errors":[{"type":"field","msg":"mockupUrls must be a non-empty array","path":"mockupUrls","location":"body"},{"type":"field","msg":"productData must be an object","path":"productData","location":"body"},{"type":"field","msg":"Product name is required","path":"productData.name","location":"body"},{"type":"field","msg":"mockupInputs must be an object","path":"mockupInputs","location":"body"}]}
[2026-06-04T10:44:49.879Z] [Printify Sync] Posting publishing payload to backend /api/printful/mockups/store-permanently...
[2026-06-04T10:44:57.727Z] [Printify Sync] Product saved to database successfully.
[2026-06-04T10:51:56.405Z] [Printify Sync] Posting publishing payload to backend /api/printful/mockups/store-permanently...
[2026-06-04T10:51:59.655Z] [Printify Sync] Product saved to database successfully.
[2026-06-04T13:06:39.340Z] [Printify Sync] Posting publishing payload to backend /api/printful/mockups/store-permanently...
[2026-06-04T13:06:46.455Z] [Printify Sync] Product saved to database successfully.
[2026-06-05T07:20:58.077Z] [Printify Sync] Posting publishing payload to backend /api/printful/mockups/store-permanently...
[2026-06-05T07:21:15.170Z] [Printify Sync] Product saved to database successfully.
[2026-06-05T07:29:10.736Z] [Printify Sync] Posting publishing payload to backend /api/printful/mockups/store-permanently...
[2026-06-05T07:29:17.216Z] [Printify Sync] Product saved to database successfully.
[2026-06-05T07:34:32.351Z] [Printify Sync] Posting publishing payload to backend /api/printful/mockups/store-permanently...
[2026-06-05T07:34:37.632Z] [Printify Sync] Product saved to database successfully.
[2026-06-05T07:52:58.573Z] [Printify Sync] Posting publishing payload to backend /api/printful/mockups/store-permanently...
[2026-06-05T07:53:03.436Z] [Printify Sync] Product saved to database successfully.
[2026-06-05T10:02:03.892Z] [Printify Sync] Posting publishing payload to backend /api/printful/mockups/store-permanently...
[2026-06-05T10:02:12.301Z] [Printify Sync] Product saved to database successfully.
[2026-06-05T10:30:37.586Z] [Printify Sync] Posting publishing payload to backend /api/printful/mockups/store-permanently...
[2026-06-05T10:30:40.890Z] [Printify Sync] Product saved to database successfully.
[2026-06-05T10:51:07.365Z] [Printify Sync] Posting publishing payload to backend /api/printful/mockups/store-permanently...
[2026-06-05T10:51:09.121Z] [Printify Sync] Failed to save product to database. Status: 401, Error: {"error":"Token expired"}
[2026-06-05T13:34:32.877Z] [Printify Sync] Posting publishing payload to backend /api/printful/mockups/store-permanently...
[2026-06-05T13:34:34.595Z] [Printify Sync] Failed to save product to database. Status: 401, Error: {"error":"Token expired"}
[2026-06-06T05:11:17.028Z] [Printify Sync] Posting publishing payload to backend /api/printful/mockups/store-permanently...
[2026-06-06T05:11:22.971Z] [Printify Sync] Product saved to database successfully.
[2026-06-06T05:25:59.182Z] [Printify Sync] Posting publishing payload to backend /api/printful/mockups/store-permanently...
[2026-06-06T05:26:05.851Z] [Printify Sync] Product saved to database successfully.
[2026-06-06T05:30:27.687Z] [Printify Sync] Posting publishing payload to backend /api/printful/mockups/store-permanently...
[2026-06-06T05:30:33.708Z] [Printify Sync] Product saved to database successfully.
[2026-06-06T05:32:10.266Z] [Printify Sync] Posting publishing payload to backend /api/printful/mockups/store-permanently...
[2026-06-06T05:33:11.093Z] [Printify Sync] Failed to save product to database. Status: 504, Error: <html>
<head><title>504 Gateway Time-out</title></head>
<body>
<center><h1>504 Gateway Time-out</h1></center>
<hr><center>nginx/1.24.0 (Ubuntu)</center>
</body>
</html>

[2026-06-06T05:37:32.938Z] [Printify Sync] Posting publishing payload to backend /api/printful/mockups/store-permanently...
[2026-06-06T05:37:39.227Z] [Printify Sync] Product saved to database successfully.
[2026-06-06T06:56:36.071Z] [Printify Sync] Posting publishing payload to backend /api/printful/mockups/store-permanently...
[2026-06-06T06:56:40.897Z] [Printify Sync] Product saved to database successfully.
[2026-06-06T06:56:57.530Z] [Printify Sync] Posting publishing payload to backend /api/printful/mockups/store-permanently...
[2026-06-06T06:57:00.696Z] [Printify Sync] Product saved to database successfully.
[2026-06-06T06:59:20.609Z] [Printify Sync] Posting publishing payload to backend /api/printful/mockups/store-permanently...
[2026-06-06T07:00:21.500Z] [Printify Sync] Failed to save product to database. Status: 504, Error: <html>
<head><title>504 Gateway Time-out</title></head>
<body>
<center><h1>504 Gateway Time-out</h1></center>
<hr><center>nginx/1.24.0 (Ubuntu)</center>
</body>
</html>

[2026-06-06T07:05:42.659Z] [Printify Sync] Posting publishing payload to backend /api/printful/mockups/store-permanently...
[2026-06-06T07:05:48.424Z] [Printify Sync] Product saved to database successfully.
[2026-06-06T07:12:23.451Z] [Printify Sync] Posting publishing payload to backend /api/printful/mockups/store-permanently...
[2026-06-06T07:12:29.761Z] [Printify Sync] Product saved to database successfully.
[2026-06-06T09:47:17.850Z] [Printify Sync] Posting publishing payload to backend /api/printful/mockups/store-permanently...
[2026-06-06T09:47:30.028Z] [Printify Sync] Product saved to database successfully.
[2026-06-06T10:35:29.860Z] [Printify Sync] Posting publishing payload to backend /api/printful/mockups/store-permanently...
[2026-06-06T10:35:30.572Z] [Printify Sync] Failed to save product to database. Status: 401, Error: {"error":"Token expired"}
[2026-06-06T10:42:44.545Z] [Printify Sync] Posting publishing payload to backend /api/printful/mockups/store-permanently...
[2026-06-06T10:43:02.143Z] [Printify Sync] Product saved to database successfully.
[2026-06-06T12:41:56.630Z] [Printify Sync] Posting publishing payload to backend /api/printful/mockups/store-permanently...
[2026-06-06T12:42:20.653Z] [Printify Sync] Product saved to database successfully.
[2026-06-06T12:53:03.986Z] [Printify Sync] Posting publishing payload to backend /api/printful/mockups/store-permanently...
[2026-06-06T12:53:13.062Z] [Printify Sync] Product saved to database successfully.
